2026-02-06 16:15:28 INFO  RetirementPlanning.main.Main - Application started
2026-02-06 16:15:42 INFO  RetirementPlanning.main.Main - Viewing customer with ID: 1
2026-02-06 16:15:42 INFO  RetirementPlanning.service.RetirementService - Service: viewCustomer called for ID 1
2026-02-06 16:15:42 INFO  RetirementPlanning.dao.CustomerDAO - Fetching customer with ID: 1
2026-02-06 18:50:29 INFO  RetirementPlanning.main.Main - Application started
2026-02-06 20:33:34 INFO  RetirementPlanning.main.Main - Application started
2026-02-06 20:33:43 INFO  RetirementPlanning.main.Main - Fetching all customers
2026-02-06 20:34:38 INFO  RetirementPlanning.main.Main - Adding customer: jayy
2026-02-06 20:34:38 INFO  RetirementPlanning.dao.CustomerDAO - Inserting customer
2026-02-06 20:34:39 INFO  RetirementPlanning.dao.CustomerDAO - Customer added with ID: 2
2026-02-06 20:34:39 INFO  RetirementPlanning.main.Main - Customer added with ID: 2
2026-02-06 20:34:51 INFO  RetirementPlanning.main.Main - Fetching all customers
2026-02-06 20:36:58 INFO  RetirementPlanning.main.Main - Application started
2026-02-06 20:37:45 INFO  RetirementPlanning.main.Main - Updating customer ID: 1
2026-02-06 20:37:52 INFO  RetirementPlanning.main.Main - Fetching all customers
2026-02-06 20:40:41 INFO  RetirementPlanning.main.Main - Application started
2026-02-06 20:40:47 INFO  RetirementPlanning.main.Main - Fetching all customers
2026-02-06 20:44:38 INFO  RetirementPlanning.main.Main - Application started
2026-02-06 20:45:13 INFO  RetirementPlanning.main.Main - Fetching all customers
2026-02-06 20:45:13 INFO  RetirementPlanning.service.RetirementService - Service: viewAllCustomers()
2026-02-06 20:45:13 INFO  RetirementPlanning.facade.RetirementFacade - Facade: viewAllCustomers()
2026-02-06 20:45:13 INFO  RetirementPlanning.dao.CustomerDAO - DAO: Fetching ALL customers
2026-02-06 20:45:14 INFO  RetirementPlanning.dao.CustomerDAO - DAO: Total customers fetched = 2
2026-02-06 20:45:31 INFO  RetirementPlanning.main.Main - Viewing customer with ID: 1
2026-02-06 20:45:31 INFO  RetirementPlanning.service.RetirementService - Service: viewCustomer(1)
2026-02-06 20:45:31 INFO  RetirementPlanning.facade.RetirementFacade - Facade: viewCustomer(1)
2026-02-06 20:45:31 INFO  RetirementPlanning.dao.CustomerDAO - DAO: Fetching customer by ID = 1
2026-02-06 20:45:31 INFO  RetirementPlanning.dao.CustomerDAO - DAO: Customer found for ID = 1
2026-02-06 20:46:43 INFO  RetirementPlanning.main.Main - Adding customer: sneha
2026-02-06 20:46:43 INFO  RetirementPlanning.service.RetirementService - Service: addCustomer()
2026-02-06 20:46:43 INFO  RetirementPlanning.facade.RetirementFacade - Facade: registerCustomer()
2026-02-06 20:46:43 INFO  RetirementPlanning.dao.CustomerDAO - DAO: insertCustomer started
2026-02-06 20:46:43 INFO  RetirementPlanning.dao.CustomerDAO - DAO: Inserting into Customer table
2026-02-06 20:46:43 INFO  RetirementPlanning.dao.CustomerDAO - DAO: Generated Customer ID = 3
2026-02-06 20:46:43 INFO  RetirementPlanning.dao.CustomerDAO - DAO: Inserting into Customer_Financials
2026-02-06 20:46:43 INFO  RetirementPlanning.dao.CustomerDAO - DAO: insertCustomer committed successfully
2026-02-06 20:46:43 INFO  RetirementPlanning.dao.CustomerDAO - DAO: DB connection closed
2026-02-06 20:46:43 INFO  RetirementPlanning.service.RetirementService - Service: addCustomer completed
2026-02-06 20:46:43 INFO  RetirementPlanning.main.Main - Customer added with ID: 3
2026-02-06 20:47:12 INFO  RetirementPlanning.main.Main - Application started
2026-02-06 20:47:23 INFO  RetirementPlanning.main.Main - Fetching all customers
2026-02-06 20:47:23 INFO  RetirementPlanning.service.RetirementService - Service: viewAllCustomers()
2026-02-06 20:47:23 INFO  RetirementPlanning.facade.RetirementFacade - Facade: viewAllCustomers()
2026-02-06 20:47:23 INFO  RetirementPlanning.dao.CustomerDAO - DAO: Fetching ALL customers
2026-02-06 20:47:25 INFO  RetirementPlanning.dao.CustomerDAO - DAO: Total customers fetched = 3
2026-02-06 20:56:23 INFO  RetirementPlanning.main.Main - Application started
2026-02-06 20:56:48 INFO  RetirementPlanning.main.Main - UI Action: Fetch All Customers requested
2026-02-06 20:56:48 INFO  RetirementPlanning.service.RetirementService - Service: viewAllCustomers()
2026-02-06 20:56:48 INFO  RetirementPlanning.facade.RetirementFacade - Facade: viewAllCustomers()
2026-02-06 20:56:48 INFO  RetirementPlanning.dao.CustomerDAO - DAO: Fetching ALL customers
2026-02-06 20:56:50 INFO  RetirementPlanning.dao.CustomerDAO - DAO: Total customers fetched = 3
2026-02-06 20:56:50 INFO  RetirementPlanning.dao.CustomerDAO - DAO: Customer record → CustomerVO{id=1, name='ram', age=55, email='ram@mail', phone='null', address='null', income=200000.0, expenditure=0.0, savings=400000.0}
2026-02-06 20:56:50 INFO  RetirementPlanning.dao.CustomerDAO - DAO: Customer record → CustomerVO{id=2, name='jayy', age=22, email='jat@mail', phone='null', address='null', income=600000.0, expenditure=0.0, savings=700000.0}
2026-02-06 20:56:50 INFO  RetirementPlanning.dao.CustomerDAO - DAO: Customer record → CustomerVO{id=3, name='sneha', age=22, email='sneha@mail', phone='null', address='null', income=100000.0, expenditure=0.0, savings=1700000.0}
2026-02-08 22:02:24 INFO  RetirementPlanning.main.Main - Application started
2026-02-08 22:02:34 INFO  RetirementPlanning.main.Main - UI Action: Add Customer requested
2026-02-08 22:02:44 INFO  RetirementPlanning.main.Main - Application started
2026-02-08 22:02:52 INFO  RetirementPlanning.main.Main - UI Action: Update Customer requested, ID=2
2026-02-08 22:03:28 INFO  RetirementPlanning.service.RetirementService - Service: updateCustomer(2)
2026-02-08 22:03:28 INFO  RetirementPlanning.facade.RetirementFacade - Facade: updateCustomer(2)
2026-02-08 22:03:28 INFO  RetirementPlanning.dao.CustomerDAO - DAO: Updating customer (NEW DATA) → CustomerVO{id=2, name='kaii jay', age=33, email='k@mail', phone='888', address='hyd', income=700000.0, expenditure=7000.0, savings=69999.0}
2026-02-08 22:03:30 INFO  RetirementPlanning.dao.CustomerDAO - DAO: Customer update committed → ID=2
2026-02-08 22:03:30 INFO  RetirementPlanning.main.Main - UI Action: Customer updated successfully, ID=2
2026-02-09 15:34:19 INFO  RetirementPlanning.main.Main - Application started
2026-02-09 15:35:00 INFO  RetirementPlanning.main.Main - UI Action: Add Customer requested
2026-02-09 15:36:28 INFO  RetirementPlanning.service.RetirementService - Service: addCustomer()
2026-02-09 15:36:28 INFO  RetirementPlanning.facade.RetirementFacade - Facade: registerCustomer()
2026-02-09 15:36:28 INFO  RetirementPlanning.dao.CustomerDAO - DAO: insertCustomer started
2026-02-09 15:36:28 INFO  RetirementPlanning.dao.CustomerDAO - DAO: Customer input data → CustomerVO{id=0, name='jay', age=33, email='jay@mail.com', phone='88888', address='chennai', income=500000.0, expenditure=200000.0, savings=600000.0}
2026-02-09 15:36:30 INFO  RetirementPlanning.dao.CustomerDAO - DAO: Customer successfully saved → CustomerVO{id=4, name='jay', age=33, email='jay@mail.com', phone='88888', address='chennai', income=500000.0, expenditure=200000.0, savings=600000.0}
2026-02-09 15:36:30 INFO  RetirementPlanning.dao.CustomerDAO - DAO: DB connection closed
2026-02-09 15:36:30 INFO  RetirementPlanning.service.RetirementService - Service: addCustomer completed
2026-02-09 15:36:30 INFO  RetirementPlanning.main.Main - UI Action: Customer added successfully, ID=4
2026-02-09 15:38:34 INFO  RetirementPlanning.main.Main - Application started
2026-02-09 15:38:42 INFO  RetirementPlanning.main.Main - UI Action: View Customer requested, ID=4
2026-02-09 15:38:42 INFO  RetirementPlanning.service.RetirementService - Service: viewCustomer(4)
2026-02-09 15:38:42 INFO  RetirementPlanning.facade.RetirementFacade - Facade: viewCustomer(4)
2026-02-09 15:38:42 INFO  RetirementPlanning.dao.CustomerDAO - DAO: Fetching customer by ID = 4
2026-02-09 15:38:44 INFO  RetirementPlanning.dao.CustomerDAO - DAO: Customer fetched → CustomerVO{id=4, name='jay', age=33, email='jay@mail.com', phone='88888', address='chennai', income=500000.0, expenditure=200000.0, savings=600000.0}
2026-02-09 15:39:00 INFO  RetirementPlanning.main.Main - UI Action: View Customer requested, ID=5
2026-02-09 15:39:00 INFO  RetirementPlanning.service.RetirementService - Service: viewCustomer(5)
2026-02-09 15:39:00 INFO  RetirementPlanning.facade.RetirementFacade - Facade: viewCustomer(5)
2026-02-09 15:39:00 INFO  RetirementPlanning.dao.CustomerDAO - DAO: Fetching customer by ID = 5
2026-02-09 15:39:00 WARN  RetirementPlanning.dao.CustomerDAO - DAO: No customer found for ID = 5
2026-02-09 15:39:00 WARN  RetirementPlanning.main.Main - UI Action: Customer not found, ID=5
2026-02-09 15:39:10 INFO  RetirementPlanning.main.Main - UI Action: Fetch All Customers requested
2026-02-09 15:39:10 INFO  RetirementPlanning.service.RetirementService - Service: viewAllCustomers()
2026-02-09 15:39:10 INFO  RetirementPlanning.facade.RetirementFacade - Facade: viewAllCustomers()
2026-02-09 15:39:10 INFO  RetirementPlanning.dao.CustomerDAO - DAO: Fetching ALL customers
2026-02-09 15:39:10 INFO  RetirementPlanning.dao.CustomerDAO - DAO: Total customers fetched = 4
2026-02-09 15:39:10 INFO  RetirementPlanning.dao.CustomerDAO - DAO: Customer record → CustomerVO{id=1, name='ram', age=55, email='ram@mail', phone='null', address='null', income=200000.0, expenditure=0.0, savings=400000.0}
2026-02-09 15:39:10 INFO  RetirementPlanning.dao.CustomerDAO - DAO: Customer record → CustomerVO{id=2, name='kaii jay', age=33, email='k@mail', phone='null', address='null', income=700000.0, expenditure=0.0, savings=69999.0}
2026-02-09 15:39:10 INFO  RetirementPlanning.dao.CustomerDAO - DAO: Customer record → CustomerVO{id=3, name='sneha', age=22, email='sneha@mail', phone='null', address='null', income=100000.0, expenditure=0.0, savings=1700000.0}
2026-02-09 15:39:10 INFO  RetirementPlanning.dao.CustomerDAO - DAO: Customer record → CustomerVO{id=4, name='jay', age=33, email='jay@mail.com', phone='null', address='null', income=500000.0, expenditure=0.0, savings=600000.0}
2026-02-09 15:39:38 INFO  RetirementPlanning.main.Main - UI Action: Add Customer requested
2026-02-09 15:41:20 INFO  RetirementPlanning.service.RetirementService - Service: addCustomer()
2026-02-09 15:41:20 INFO  RetirementPlanning.facade.RetirementFacade - Facade: registerCustomer()
2026-02-09 15:41:20 INFO  RetirementPlanning.dao.CustomerDAO - DAO: insertCustomer started
2026-02-09 15:41:20 INFO  RetirementPlanning.dao.CustomerDAO - DAO: Customer input data → CustomerVO{id=0, name='$abc', age=45, email='abc@mail', phone='777777777', address='chennai', income=700000.0, expenditure=300000.0, savings=9000000.0}
2026-02-09 15:41:20 INFO  RetirementPlanning.dao.CustomerDAO - DAO: Customer successfully saved → CustomerVO{id=5, name='$abc', age=45, email='abc@mail', phone='777777777', address='chennai', income=700000.0, expenditure=300000.0, savings=9000000.0}
2026-02-09 15:41:20 INFO  RetirementPlanning.dao.CustomerDAO - DAO: DB connection closed
2026-02-09 15:41:20 INFO  RetirementPlanning.service.RetirementService - Service: addCustomer completed
2026-02-09 15:41:20 INFO  RetirementPlanning.main.Main - UI Action: Customer added successfully, ID=5
2026-02-09 20:24:29 INFO  RetirementPlanning.main.Main - Application started
2026-02-09 20:24:34 INFO  RetirementPlanning.main.Main - UI Action: Add Customer requested
2026-02-09 20:24:43 INFO  RetirementPlanning.main.Main - UI Action: Add Customer requested
2026-02-09 20:25:03 INFO  RetirementPlanning.main.Main - UI Action: Add Customer requested
2026-02-09 20:25:43 INFO  RetirementPlanning.service.RetirementService - Service: addCustomer()
2026-02-09 20:25:43 INFO  RetirementPlanning.facade.RetirementFacade - Facade: registerCustomer()
2026-02-09 20:25:43 INFO  RetirementPlanning.dao.CustomerDAO - DAO: Customer input → CustomerVO{id=0, name='kumar', age=30, email='kuamr@mail', phone='7777777777', income=600000.0, savings=900000.0}
2026-02-09 20:25:44 INFO  RetirementPlanning.dao.CustomerDAO - DAO: Customer saved → CustomerVO{id=6, name='kumar', age=30, email='kuamr@mail', phone='7777777777', income=600000.0, savings=900000.0}
2026-02-09 20:25:44 INFO  RetirementPlanning.main.Main - Customer added successfully, ID=6
2026-02-09 20:25:44 INFO  RetirementPlanning.service.RetirementService - Service: generateRetirementPlan for customer ID=6
2026-02-09 20:25:44 INFO  RetirementPlanning.bo.RetirementPlanBO - Retirement calculation started for customer ID=6
2026-02-09 20:25:45 INFO  RetirementPlanning.bo.RetirementPlanBO - Retirement plan calculated: TargetCorpus=4000000.0, MonthlySaving=8611.111111111111
2026-02-10 18:04:21 INFO  RetirementPlanning.main.Main - Application started
2026-02-10 18:04:25 INFO  RetirementPlanning.main.Main - UI Action: Add Customer requested
2026-02-10 18:05:17 INFO  RetirementPlanning.main.Main - UI Action: Add Customer requested
2026-02-10 18:06:03 INFO  RetirementPlanning.service.RetirementService - Service: addCustomer()
2026-02-10 18:06:03 INFO  RetirementPlanning.dao.CustomerDAO - DAO: Customer input → CustomerVO{id=0, name='mano', age=35, email='mano@mail', phone='9876543211', income=700000.0, savings=900000.0}
2026-02-10 18:06:03 INFO  RetirementPlanning.dao.CustomerDAO - DAO: Customer saved → CustomerVO{id=7, name='mano', age=35, email='mano@mail', phone='9876543211', income=700000.0, savings=900000.0}
2026-02-10 18:06:03 INFO  RetirementPlanning.main.Main - Customer added successfully, ID=7
2026-02-10 18:06:03 INFO  RetirementPlanning.service.RetirementService - Service: generateRetirementPlan for customer ID=7
2026-02-10 18:06:03 INFO  RetirementPlanning.bo.RetirementPlanBO - Retirement calculation started for customer ID=7
2026-02-10 18:06:03 INFO  RetirementPlanning.bo.RetirementPlanBO - Retirement plan calculated: TargetCorpus=400000.0, MonthlySaving=-1666.6666666666667
2026-02-12 14:10:28 INFO  RetirementPlanning.main.Main - Application started
2026-02-12 14:10:48 INFO  RetirementPlanning.main.Main - UI Action: Add Customer
2026-02-12 14:15:29 INFO  RetirementPlanning.main.Main - Application started
2026-02-12 14:16:01 INFO  RetirementPlanning.main.Main - UI Action: Add Customer
2026-02-12 14:16:48 ERROR RetirementPlanning.service.RetirementService - Date of Birth cannot be a future date
2026-02-12 14:16:50 ERROR RetirementPlanning.service.RetirementService - Plan insert failed
2026-02-12 14:17:09 INFO  RetirementPlanning.main.Main - UI Action: Add Customer
2026-02-12 14:17:29 INFO  RetirementPlanning.main.Main - Application started
2026-02-12 14:17:33 INFO  RetirementPlanning.main.Main - UI Action: Add Customer
2026-02-12 14:18:04 ERROR RetirementPlanning.service.RetirementService - Name must contain only letters and minimum 3 characters
2026-02-12 14:18:06 ERROR RetirementPlanning.service.RetirementService - Plan insert failed
2026-02-12 20:13:45 INFO  RetirementPlanning.main.Main - Application started
2026-02-12 20:13:52 INFO  RetirementPlanning.main.Main - UI Action: Add Customer
2026-02-12 20:14:26 ERROR RetirementPlanning.service.RetirementService - Already at retirement age
2026-02-12 20:15:08 INFO  RetirementPlanning.main.Main - UI Action: Add Customer
2026-02-12 20:19:15 INFO  RetirementPlanning.main.Main - Application started
2026-02-12 20:19:18 INFO  RetirementPlanning.main.Main - UI Action: Add Customer
2026-02-12 20:19:50 ERROR RetirementPlanning.service.RetirementService - Invalid name
2026-02-12 20:24:40 INFO  RetirementPlanning.main.Main - Application started
2026-02-12 20:24:53 INFO  RetirementPlanning.main.Main - UI Action: Add Customer
2026-02-12 20:25:25 ERROR RetirementPlanning.service.RetirementService - Name must contain only letters and minimum 3 characters
2026-02-12 20:58:42 INFO  RetirementPlanning.main.Main - Application started
2026-02-12 20:58:55 INFO  RetirementPlanning.main.Main - UI Action: Add Customer
2026-02-12 21:05:25 INFO  RetirementPlanning.main.Main - Application started
2026-02-12 21:05:28 INFO  RetirementPlanning.main.Main - UI Action: Add Customer
2026-02-12 21:06:51 INFO  RetirementPlanning.main.Main - Application started
2026-02-12 21:07:22 INFO  RetirementPlanning.main.Main - UI Action: Add Customer
2026-02-13 19:29:12 INFO  RetirementPlanning.main.Main - Application started
2026-02-13 19:29:16 INFO  RetirementPlanning.main.Main - UI Action: Add Customer
2026-02-13 19:33:17 INFO  RetirementPlanning.main.Main - Application started
2026-02-13 19:33:21 INFO  RetirementPlanning.main.Main - UI Action: Add Customer
2026-02-13 19:43:50 INFO  RetirementPlanning.main.Main - Application started
2026-02-13 19:43:53 INFO  RetirementPlanning.main.Main - UI Action: Add Customer
2026-02-13 22:24:41 INFO  RetirementPlanning.main.Main - Application started
2026-02-13 22:24:44 INFO  RetirementPlanning.main.Main - UI Action: Add Customer
2026-02-13 22:25:04 INFO  RetirementPlanning.main.Main - Application started
2026-02-13 22:25:05 INFO  RetirementPlanning.main.Main - UI Action: Add Customer
2026-02-13 22:26:21 INFO  RetirementPlanning.service.RetirementService - Service: addCustomer started
2026-02-13 22:26:21 INFO  RetirementPlanning.facade.RetirementFacade - Facade: registerCustomer invoked
2026-02-13 22:26:21 ERROR RetirementPlanning.service.RetirementService - Service Error (addCustomer): Name must contain only letters and minimum 3 characterrs
2026-02-13 22:26:29 INFO  RetirementPlanning.main.Main - UI Action: Add Customer
2026-02-13 22:27:08 INFO  RetirementPlanning.service.RetirementService - Service: addCustomer started
2026-02-13 22:27:08 INFO  RetirementPlanning.facade.RetirementFacade - Facade: registerCustomer invoked
2026-02-13 22:27:09 ERROR RetirementPlanning.service.RetirementService - Service Error (addCustomer): Duplicate email
2026-02-13 22:27:22 INFO  RetirementPlanning.main.Main - UI Action: Add Customer
2026-02-13 22:28:29 INFO  RetirementPlanning.service.RetirementService - Service: addCustomer started
2026-02-13 22:28:29 INFO  RetirementPlanning.facade.RetirementFacade - Facade: registerCustomer invoked
2026-02-13 22:28:29 ERROR RetirementPlanning.service.RetirementService - Service Error (addCustomer): Date of Birth cannot be future date
2026-02-13 22:28:37 INFO  RetirementPlanning.main.Main - UI Action: Add Customer
2026-02-13 22:29:13 INFO  RetirementPlanning.service.RetirementService - Service: addCustomer started
2026-02-13 22:29:13 INFO  RetirementPlanning.facade.RetirementFacade - Facade: registerCustomer invoked
2026-02-13 22:29:13 ERROR RetirementPlanning.service.RetirementService - Service Error (addCustomer): Expenditure cannot exceed income
2026-02-13 22:29:24 INFO  RetirementPlanning.main.Main - UI Action: Add Customer
2026-02-13 22:30:12 INFO  RetirementPlanning.service.RetirementService - Service: addCustomer started
2026-02-13 22:30:12 INFO  RetirementPlanning.facade.RetirementFacade - Facade: registerCustomer invoked
2026-02-13 22:30:13 INFO  RetirementPlanning.service.RetirementService - Service: addCustomer completed
2026-02-13 22:30:13 INFO  RetirementPlanning.service.RetirementService - Service: generateRetirementPlan started
2026-02-13 22:30:13 INFO  RetirementPlanning.facade.RetirementFacade - Facade: generateRetirementPlan invoked
2026-02-13 22:31:32 INFO  RetirementPlanning.main.Main - UI Action: Add Customer
2026-02-13 22:32:15 INFO  RetirementPlanning.service.RetirementService - Service: addCustomer started
2026-02-13 22:32:15 INFO  RetirementPlanning.facade.RetirementFacade - Facade: registerCustomer invoked
2026-02-13 22:32:15 INFO  RetirementPlanning.service.RetirementService - Service: addCustomer completed
2026-02-13 22:32:15 INFO  RetirementPlanning.service.RetirementService - Service: generateRetirementPlan started
2026-02-13 22:32:15 INFO  RetirementPlanning.facade.RetirementFacade - Facade: generateRetirementPlan invoked
2026-02-14 09:47:02 INFO  RetirementPlanning.main.Main - Application started
2026-02-14 09:47:10 INFO  RetirementPlanning.service.RetirementService - Service: viewAllCustomers started
2026-02-14 09:47:10 INFO  RetirementPlanning.facade.RetirementFacade - Facade: viewAllCustomers invoked
2026-02-14 09:47:54 INFO  RetirementPlanning.service.RetirementService - Service: viewCustomer started, id=4
2026-02-14 09:47:54 INFO  RetirementPlanning.facade.RetirementFacade - Facade: viewCustomer invoked, id=4
